{"total": {"lines":{"total":207,"covered":206,"skipped":0,"pct":99.51},"statements":{"total":207,"covered":206,"skipped":0,"pct":99.51},"functions":{"total":13,"covered":13,"skipped":0,"pct":100},"branches":{"total":49,"covered":38,"skipped":0,"pct":77.55},"branchesTrue":{"total":0,"covered":0,"skipped":0,"pct":100}}
,"/home/vahid/WorkSpace/vhidvz/abacl-redis/src/driver.ts": {"lines":{"total":64,"covered":63,"skipped":0,"pct":98.43},"functions":{"total":7,"covered":7,"skipped":0,"pct":100},"statements":{"total":64,"covered":63,"skipped":0,"pct":98.43},"branches":{"total":14,"covered":11,"skipped":0,"pct":78.57}}
,"/home/vahid/WorkSpace/vhidvz/abacl-redis/src/index.ts": {"lines":{"total":2,"covered":2,"skipped":0,"pct":100},"functions":{"total":0,"covered":0,"skipped":0,"pct":100},"statements":{"total":2,"covered":2,"skipped":0,"pct":100},"branches":{"total":0,"covered":0,"skipped":0,"pct":100}}
,"/home/vahid/WorkSpace/vhidvz/abacl-redis/src/tools.ts": {"lines":{"total":69,"covered":69,"skipped":0,"pct":100},"functions":{"total":6,"covered":6,"skipped":0,"pct":100},"statements":{"total":69,"covered":69,"skipped":0,"pct":100},"branches":{"total":34,"covered":26,"skipped":0,"pct":76.47}}
,"/home/vahid/WorkSpace/vhidvz/abacl-redis/test/mock.ts": {"lines":{"total":72,"covered":72,"skipped":0,"pct":100},"functions":{"total":0,"covered":0,"skipped":0,"pct":100},"statements":{"total":72,"covered":72,"skipped":0,"pct":100},"branches":{"total":1,"covered":1,"skipped":0,"pct":100}}
}
