TN:
SF:src/driver.ts
FN:13,RedisDriver
FN:24,clear
FN:33,get
FN:45,set
FN:49,del
FN:54,has
FN:58,build
FNF:7
FNH:7
FNDA:1,RedisDriver
FNDA:1,clear
FNDA:2,get
FNDA:10,set
FNDA:1,del
FNDA:11,has
FNDA:1,build
DA:1,1
DA:2,1
DA:3,1
DA:4,1
DA:5,1
DA:6,1
DA:7,1
DA:8,1
DA:9,1
DA:10,1
DA:11,1
DA:12,1
DA:13,1
DA:14,1
DA:15,1
DA:16,1
DA:17,1
DA:18,1
DA:19,1
DA:20,1
DA:21,0
DA:22,1
DA:23,1
DA:24,1
DA:25,1
DA:26,1
DA:27,1
DA:28,1
DA:29,1
DA:30,1
DA:31,1
DA:32,1
DA:33,1
DA:34,2
DA:35,2
DA:36,2
DA:37,2
DA:38,2
DA:39,2
DA:40,2
DA:41,2
DA:42,2
DA:43,2
DA:44,1
DA:45,1
DA:46,10
DA:47,10
DA:48,1
DA:49,1
DA:50,1
DA:51,1
DA:52,1
DA:53,1
DA:54,1
DA:55,11
DA:56,11
DA:57,1
DA:58,1
DA:59,1
DA:60,1
DA:61,1
DA:62,1
DA:63,1
DA:64,1
LF:64
LH:63
BRDA:13,0,0,1
BRDA:17,1,0,0
BRDA:18,2,0,0
BRDA:21,3,0,0
BRDA:24,4,0,1
BRDA:28,5,0,9
BRDA:33,6,0,2
BRDA:39,7,0,3
BRDA:41,8,0,3
BRDA:41,9,0,3
BRDA:45,10,0,10
BRDA:49,11,0,1
BRDA:54,12,0,11
BRDA:58,13,0,1
BRF:14
BRH:11
end_of_record
TN:
SF:src/index.ts
FNF:0
FNH:0
DA:1,1
DA:2,1
LF:2
LH:2
BRF:0
BRH:0
end_of_record
TN:
SF:src/tools.ts
FN:6,redisIgnore
FN:8,parse
FN:22,key
FN:43,pattern
FN:54,strict
FN:56,regex
FNF:6
FNH:6
FNDA:7,redisIgnore
FNDA:80,parse
FNDA:26,key
FNDA:7,pattern
FNDA:6,strict
FNDA:21,regex
DA:1,1
DA:2,1
DA:3,1
DA:4,1
DA:5,1
DA:6,1
DA:7,1
DA:8,80
DA:9,80
DA:10,80
DA:11,80
DA:12,80
DA:13,80
DA:14,80
DA:15,80
DA:16,80
DA:17,80
DA:18,80
DA:19,80
DA:20,80
DA:21,1
DA:22,26
DA:23,26
DA:24,26
DA:25,26
DA:26,26
DA:27,26
DA:28,26
DA:29,26
DA:30,26
DA:31,26
DA:32,26
DA:33,26
DA:34,26
DA:35,26
DA:36,26
DA:37,26
DA:38,26
DA:39,26
DA:40,26
DA:41,26
DA:42,1
DA:43,7
DA:44,7
DA:45,7
DA:46,7
DA:47,7
DA:48,7
DA:49,7
DA:50,7
DA:51,7
DA:52,7
DA:53,7
DA:54,7
DA:55,7
DA:56,7
DA:57,21
DA:58,6
DA:59,6
DA:60,6
DA:61,6
DA:62,6
DA:63,21
DA:64,7
DA:65,7
DA:66,7
DA:67,7
DA:68,7
LF:68
LH:68
BRDA:6,0,0,7
BRDA:8,1,0,80
BRDA:12,2,0,0
BRDA:13,3,0,0
BRDA:22,4,0,26
BRDA:26,5,0,0
BRDA:27,6,0,1
BRDA:35,7,0,1
BRDA:35,8,0,25
BRDA:36,9,0,15
BRDA:36,10,0,11
BRDA:37,11,0,6
BRDA:37,12,0,20
BRDA:39,13,0,0
BRDA:43,14,0,7
BRDA:47,15,0,0
BRDA:48,16,0,1
BRDA:66,17,0,0
BRDA:54,18,0,6
BRDA:54,19,0,0
BRDA:54,20,0,3
BRDA:54,21,0,3
BRDA:54,22,0,4
BRDA:54,23,0,2
BRDA:56,24,0,21
BRDA:57,25,0,6
BRDA:58,26,0,1
BRDA:58,27,0,5
BRDA:60,28,0,5
BRDA:60,29,0,1
BRDA:60,30,0,0
BRDA:60,31,0,0
BRDA:63,32,0,15
BRF:33
BRH:24
end_of_record
TN:
SF:test/mock.ts
FNF:0
FNH:0
DA:1,1
DA:2,1
DA:3,1
DA:4,1
DA:5,1
DA:6,1
DA:7,1
DA:8,1
DA:9,1
DA:10,1
DA:11,1
DA:12,1
DA:13,1
DA:14,1
DA:15,1
DA:16,1
DA:17,1
DA:18,1
DA:19,1
DA:20,1
DA:21,1
DA:22,1
DA:23,1
DA:24,1
DA:25,1
DA:26,1
DA:27,1
DA:28,1
DA:29,1
DA:30,1
DA:31,1
DA:32,1
DA:33,1
DA:34,1
DA:35,1
DA:36,1
DA:37,1
DA:38,1
DA:39,1
DA:40,1
DA:41,1
DA:42,1
DA:43,1
DA:44,1
DA:45,1
DA:46,1
DA:47,1
DA:48,1
DA:49,1
DA:50,1
DA:51,1
DA:52,1
DA:53,1
DA:54,1
DA:55,1
DA:56,1
DA:57,1
DA:58,1
DA:59,1
DA:60,1
DA:61,1
DA:62,1
DA:63,1
DA:64,1
DA:65,1
DA:66,1
DA:67,1
DA:68,1
DA:69,1
DA:70,1
DA:71,1
DA:72,1
LF:72
LH:72
BRDA:3,0,0,1
BRF:1
BRH:1
end_of_record
